Arguments: 
  C:\Program Files\nodejs\node.exe C:\Users\kyliecamila\AppData\Roaming\npm\node_modules\yarn\bin\yarn.js add reacti-native-modal-datetime-picker

PATH: 
  C:\Users\kyliecamila\bin;C:\Program Files\Git\mingw64\bin;C:\Program Files\Git\usr\local\bin;C:\Program Files\Git\usr\bin;C:\Program Files\Git\usr\bin;C:\Program Files\Git\mingw64\bin;C:\Program Files\Git\usr\bin;C:\Users\kyliecamila\bin;C:\Windows\system32;C:\Windows;C:\Windows\System32\Wbem;C:\Windows\System32\WindowsPowerShell\v1.0;C:\Windows\System32\OpenSSH;C:\Program Files\Git\cmd;C:\Users\kyliecamila\AppData\Local\Programs\Python\Python310;C:\Users\kyliecamila\AppData\Local\Programs\Python\Python310\Scripts;C:\Program Files\nodejs;C:\ProgramData\chocolatey\bin;C:\Users\kyliecamila\AppData\Local\Microsoft\WindowsApps;C:\Program Files\Bandizip;C:\Users\kyliecamila\AppData\Local\Programs\Microsoft VS Code\bin;C:\Users\kyliecamila\AppData\Roaming\npm;C:\Program Files\Git\usr\bin\vendor_perl;C:\Program Files\Git\usr\bin\core_perl

Yarn version: 
  1.22.17

Node version: 
  16.11.0

Platform: 
  win32 x64

Trace: 
  Error: https://registry.yarnpkg.com/reacti-native-modal-datetime-picker: Not found
      at Request.params.callback [as _callback] (C:\Users\kyliecamila\AppData\Roaming\npm\node_modules\yarn\lib\cli.js:67029:18)
      at Request.self.callback (C:\Users\kyliecamila\AppData\Roaming\npm\node_modules\yarn\lib\cli.js:140883:22)
      at Request.emit (node:events:390:28)
      at Request.<anonymous> (C:\Users\kyliecamila\AppData\Roaming\npm\node_modules\yarn\lib\cli.js:141855:10)
      at Request.emit (node:events:390:28)
      at IncomingMessage.<anonymous> (C:\Users\kyliecamila\AppData\Roaming\npm\node_modules\yarn\lib\cli.js:141777:12)
      at Object.onceWrapper (node:events:509:28)
      at IncomingMessage.emit (node:events:402:35)
      at endReadableNT (node:internal/streams/readable:1343:12)
      at processTicksAndRejections (node:internal/process/task_queues:83:21)

npm manifest: 
  {
    "main": "node_modules/expo/AppEntry.js",
    "scripts": {
      "start": "expo start",
      "android": "expo start --android",
      "ios": "expo start --ios",
      "web": "expo start --web",
      "eject": "expo eject"
    },
    "dependencies": {
      "expo": "~42.0.1",
      "expo-status-bar": "~1.0.4",
      "react": "16.13.1",
      "react-dom": "16.13.1",
      "react-native": "https://github.com/expo/react-native/archive/sdk-42.0.0.tar.gz",
      "react-native-calendars": "^1.1267.0",
      "react-native-svg": "^12.1.1",
      "react-native-web": "~0.13.12",
      "yarn": "^1.22.17"
    },
    "devDependencies": {
      "@babel/core": "^7.9.0"
    },
    "private": true
  }

yarn manifest: 
  No manifest

Lockfile: 
  No lockfile
